Arguments: 
  /Users/vamac/.nvm/versions/node/v11.7.0/bin/node /usr/local/Cellar/yarn/1.13.0/libexec/bin/yarn.js

PATH: 
  /Users/vamac/.nvm/versions/node/v11.7.0/bin:/usr/local/bin:/bin:/usr/bin:/sbin:/usr/local/sbin:/usr/sbin:/opt/X11/bin:/Users/vamac/bin:/usr/local/opt/go/libexec/bin

Yarn version: 
  1.13.0

Node version: 
  11.7.0

Platform: 
  darwin x64

Trace: 
  SyntaxError: /Users/vamac/Code/lux/example-todo/package.json: Unexpected token } in JSON at position 313
      at JSON.parse (<anonymous>)
      at /usr/local/Cellar/yarn/1.13.0/libexec/lib/cli.js:1625:59
      at Generator.next (<anonymous>)
      at step (/usr/local/Cellar/yarn/1.13.0/libexec/lib/cli.js:304:30)
      at /usr/local/Cellar/yarn/1.13.0/libexec/lib/cli.js:315:13

npm manifest: 
  {
    "name": "example-todo",
    "version": "0.0.1",
    "private": true,
    "dependencies": {
      "@babel/node": "^7.2.2",
      "lux-reducers": "^0.0.1",
      "prop-types": "^15.6.1",
      "react": "^16.3.1",
      "react-dom": "^16.3.1",
      "react-redux": "^5.0.7",
      "redux": "^3.5.2",
      "redux-logger": "^3.0.6",
    },
    "devDependencies": {
      "@babel/core": "^7.0.0-0",
      "react-scripts": "^2.0.2"
    },
    "scripts": {
      "start": "react-scripts start",
      "build": "react-scripts build",
      "eject": "react-scripts eject",
      "test": "react-scripts test --env=node --passWithNoTests"
    },
    "browserslist": [
      ">0.2%",
      "not dead",
      "not ie <= 11",
      "not op_mini all"
    ]
  }

yarn manifest: 
  No manifest

Lockfile: 
  No lockfile
